10-Dec-2020 20:09:59.888 INFORMACIÓN [main] org.apache.catalina.startup.VersionLoggerListener.log Nombre de la versión del servidor: Apache Tomcat/9.0.41
10-Dec-2020 20:09:59.892 INFORMACIÓN [main] org.apache.catalina.startup.VersionLoggerListener.log Server built:                      Dec 3 2020 11:43:00 UTC
10-Dec-2020 20:09:59.892 INFORMACIÓN [main] org.apache.catalina.startup.VersionLoggerListener.log Número de versión de servidor:     9.0.41.0
10-Dec-2020 20:09:59.892 INFORMACIÓN [main] org.apache.catalina.startup.VersionLoggerListener.log OS Name:                           Linux
10-Dec-2020 20:09:59.892 INFORMACIÓN [main] org.apache.catalina.startup.VersionLoggerListener.log Versión de Systema Operativo:      4.15.0-126-generic
10-Dec-2020 20:09:59.892 INFORMACIÓN [main] org.apache.catalina.startup.VersionLoggerListener.log Arquitectura:                      amd64
10-Dec-2020 20:09:59.892 INFORMACIÓN [main] org.apache.catalina.startup.VersionLoggerListener.log Java Home:                         /usr/lib/jvm/java-11-openjdk-amd64
10-Dec-2020 20:09:59.893 INFORMACIÓN [main] org.apache.catalina.startup.VersionLoggerListener.log JVM Version:                       11.0.9.1+1-Ubuntu-0ubuntu1.18.04
10-Dec-2020 20:09:59.893 INFORMACIÓN [main] org.apache.catalina.startup.VersionLoggerListener.log Vededor JVM:                       Ubuntu
10-Dec-2020 20:09:59.893 INFORMACIÓN [main] org.apache.catalina.startup.VersionLoggerListener.log CATALINA_BASE:                     /home/usertara/Tomcat/apache-tomcat-9.0.41
10-Dec-2020 20:09:59.893 INFORMACIÓN [main] org.apache.catalina.startup.VersionLoggerListener.log CATALINA_HOME:                     /home/usertara/Tomcat/apache-tomcat-9.0.41
10-Dec-2020 20:09:59.914 INFORMACIÓN [main] org.apache.catalina.startup.VersionLoggerListener.log Command line argument:             --add-opens=java.base/java.lang=ALL-UNNAMED
10-Dec-2020 20:09:59.914 INFORMACIÓN [main] org.apache.catalina.startup.VersionLoggerListener.log Command line argument:             --add-opens=java.base/java.io=ALL-UNNAMED
10-Dec-2020 20:09:59.914 INFORMACIÓN [main] org.apache.catalina.startup.VersionLoggerListener.log Command line argument:             --add-opens=java.rmi/sun.rmi.transport=ALL-UNNAMED
10-Dec-2020 20:09:59.914 INFORMACIÓN [main] org.apache.catalina.startup.VersionLoggerListener.log Command line argument:             -Djava.util.logging.config.file=/home/usertara/Tomcat/apache-tomcat-9.0.41/conf/logging.properties
10-Dec-2020 20:09:59.914 INFORMACIÓN [main] org.apache.catalina.startup.VersionLoggerListener.log Command line argument:             -Djava.util.logging.manager=org.apache.juli.ClassLoaderLogManager
10-Dec-2020 20:09:59.914 INFORMACIÓN [main] org.apache.catalina.startup.VersionLoggerListener.log Command line argument:             -Djdk.tls.ephemeralDHKeySize=2048
10-Dec-2020 20:09:59.914 INFORMACIÓN [main] org.apache.catalina.startup.VersionLoggerListener.log Command line argument:             -Djava.protocol.handler.pkgs=org.apache.catalina.webresources
10-Dec-2020 20:09:59.915 INFORMACIÓN [main] org.apache.catalina.startup.VersionLoggerListener.log Command line argument:             -Dorg.apache.catalina.security.SecurityListener.UMASK=0027
10-Dec-2020 20:09:59.915 INFORMACIÓN [main] org.apache.catalina.startup.VersionLoggerListener.log Command line argument:             -Dignore.endorsed.dirs=
10-Dec-2020 20:09:59.917 INFORMACIÓN [main] org.apache.catalina.startup.VersionLoggerListener.log Command line argument:             -Dcatalina.base=/home/usertara/Tomcat/apache-tomcat-9.0.41
10-Dec-2020 20:09:59.917 INFORMACIÓN [main] org.apache.catalina.startup.VersionLoggerListener.log Command line argument:             -Dcatalina.home=/home/usertara/Tomcat/apache-tomcat-9.0.41
10-Dec-2020 20:09:59.917 INFORMACIÓN [main] org.apache.catalina.startup.VersionLoggerListener.log Command line argument:             -Djava.io.tmpdir=/home/usertara/Tomcat/apache-tomcat-9.0.41/temp
10-Dec-2020 20:09:59.918 INFORMACIÓN [main] org.apache.catalina.core.AprLifecycleListener.lifecycleEvent La biblioteca nativa de Apache Tomcat basada en ARP que permite un rendimiento óptimo en entornos de desarrollo no ha sido hallada en java.library.path: [/usr/java/packages/lib:/usr/lib/x86_64-linux-gnu/jni:/lib/x86_64-linux-gnu:/usr/lib/x86_64-linux-gnu:/usr/lib/jni:/lib:/usr/lib]
10-Dec-2020 20:10:00.265 INFORMACIÓN [main] org.apache.coyote.AbstractProtocol.init Inicializando el manejador de protocolo ["http-nio-8080"]

10-Dec-2020 20:10:00.299 INFORMACIÓN [main] org.apache.catalina.startup.Catalina.load Server initialization in [640] milliseconds
10-Dec-2020 20:10:00.358 INFORMACIÓN [main] org.apache.catalina.core.StandardService.startInternal Arrancando servicio [Catalina]
10-Dec-2020 20:10:00.359 INFORMACIÓN [main] org.apache.catalina.core.StandardEngine.startInternal Starting Servlet engine: [Apache Tomcat/9.0.41]
10-Dec-2020 20:10:00.366 INFORMACIÓN [main] org.apache.catalina.startup.HostConfig.deployDirectory Desplegando el directorio [/home/usertara/Tomcat/apache-tomcat-9.0.41/webapps/manager] de la aplicación web
10-Dec-2020 20:10:00.630 INFORMACIÓN [main] org.apache.catalina.startup.HostConfig.deployDirectory Deployment of web application directory [/home/usertara/Tomcat/apache-tomcat-9.0.41/webapps/manager] has finished in [262] ms
10-Dec-2020 20:10:00.631 INFORMACIÓN [main] org.apache.catalina.startup.HostConfig.deployDirectory Desplegando el directorio [/home/usertara/Tomcat/apache-tomcat-9.0.41/webapps/ROOT] de la aplicación web
10-Dec-2020 20:10:00.651 INFORMACIÓN [main] org.apache.catalina.startup.HostConfig.deployDirectory Deployment of web application directory [/home/usertara/Tomcat/apache-tomcat-9.0.41/webapps/ROOT] has finished in [20] ms
10-Dec-2020 20:10:00.651 INFORMACIÓN [main] org.apache.catalina.startup.HostConfig.deployDirectory Desplegando el directorio [/home/usertara/Tomcat/apache-tomcat-9.0.41/webapps/docs] de la aplicación web
10-Dec-2020 20:10:00.670 INFORMACIÓN [main] org.apache.catalina.startup.HostConfig.deployDirectory Deployment of web application directory [/home/usertara/Tomcat/apache-tomcat-9.0.41/webapps/docs] has finished in [18] ms
10-Dec-2020 20:10:00.670 INFORMACIÓN [main] org.apache.catalina.startup.HostConfig.deployDirectory Desplegando el directorio [/home/usertara/Tomcat/apache-tomcat-9.0.41/webapps/examples] de la aplicación web
10-Dec-2020 20:10:00.887 INFORMACIÓN [main] org.apache.catalina.startup.HostConfig.deployDirectory Deployment of web application directory [/home/usertara/Tomcat/apache-tomcat-9.0.41/webapps/examples] has finished in [217] ms
10-Dec-2020 20:10:00.887 INFORMACIÓN [main] org.apache.catalina.startup.HostConfig.deployDirectory Desplegando el directorio [/home/usertara/Tomcat/apache-tomcat-9.0.41/webapps/host-manager] de la aplicación web
10-Dec-2020 20:10:00.906 INFORMACIÓN [main] org.apache.catalina.startup.HostConfig.deployDirectory Deployment of web application directory [/home/usertara/Tomcat/apache-tomcat-9.0.41/webapps/host-manager] has finished in [19] ms
10-Dec-2020 20:10:00.910 INFORMACIÓN [main] org.apache.coyote.AbstractProtocol.start Starting ProtocolHandler ["http-nio-8080"]
10-Dec-2020 20:10:00.939 INFORMACIÓN [main] org.apache.catalina.startup.Catalina.start Server startup in [638] milliseconds
10-Dec-2020 20:15:00.995 INFORMACIÓN [Catalina-utility-2] org.apache.catalina.startup.HostConfig.deployDirectory Desplegando el directorio [/home/usertara/Tomcat/apache-tomcat-9.0.41/webapps/primer-servlet] de la aplicación web
10-Dec-2020 20:15:01.026 INFORMACIÓN [Catalina-utility-2] org.apache.catalina.startup.HostConfig.deployDirectory Deployment of web application directory [/home/usertara/Tomcat/apache-tomcat-9.0.41/webapps/primer-servlet] has finished in [32] ms
10-Dec-2020 20:35:21.206 INFORMACIÓN [Catalina-utility-1] org.apache.catalina.startup.HostConfig.reload Falló la recarga del contexto [/primer-servlet]
10-Dec-2020 20:35:21.207 INFORMACIÓN [Catalina-utility-1] org.apache.catalina.core.StandardContext.reload Ha comenzado la recarga de Contexto [/primer-servlet]
10-Dec-2020 20:35:21.238 INFORMACIÓN [Catalina-utility-1] org.apache.catalina.core.StandardContext.reload Se ha completado la recarga de este Contexto
10-Dec-2020 20:36:21.247 INFORMACIÓN [Catalina-utility-2] org.apache.catalina.startup.HostConfig.reload Falló la recarga del contexto [/primer-servlet]
10-Dec-2020 20:36:21.247 INFORMACIÓN [Catalina-utility-2] org.apache.catalina.core.StandardContext.reload Ha comenzado la recarga de Contexto [/primer-servlet]
10-Dec-2020 20:36:21.279 INFORMACIÓN [Catalina-utility-2] org.apache.catalina.core.StandardContext.reload Se ha completado la recarga de este Contexto
10-Dec-2020 20:36:51.283 INFORMACIÓN [Catalina-utility-2] org.apache.catalina.startup.HostConfig.reload Falló la recarga del contexto [/primer-servlet]
10-Dec-2020 20:36:51.283 INFORMACIÓN [Catalina-utility-2] org.apache.catalina.core.StandardContext.reload Ha comenzado la recarga de Contexto [/primer-servlet]
10-Dec-2020 20:36:51.306 INFORMACIÓN [Catalina-utility-2] org.apache.catalina.core.StandardContext.reload Se ha completado la recarga de este Contexto
10-Dec-2020 20:36:58.448 INFORMACIÓN [Thread-3] org.apache.coyote.AbstractProtocol.pause Pausing ProtocolHandler ["http-nio-8080"]
10-Dec-2020 20:36:58.457 INFORMACIÓN [Thread-3] org.apache.catalina.core.StandardService.stopInternal Parando servicio [Catalina]
10-Dec-2020 20:36:58.491 INFORMACIÓN [Thread-3] org.apache.coyote.AbstractProtocol.stop Stopping ProtocolHandler ["http-nio-8080"]
10-Dec-2020 20:36:58.506 INFORMACIÓN [Thread-3] org.apache.coyote.AbstractProtocol.destroy Destroying ProtocolHandler ["http-nio-8080"]
10-Dec-2020 20:37:08.855 INFORMACIÓN [main] org.apache.catalina.startup.VersionLoggerListener.log Nombre de la versión del servidor: Apache Tomcat/9.0.41
10-Dec-2020 20:37:08.860 INFORMACIÓN [main] org.apache.catalina.startup.VersionLoggerListener.log Server built:                      Dec 3 2020 11:43:00 UTC
10-Dec-2020 20:37:08.860 INFORMACIÓN [main] org.apache.catalina.startup.VersionLoggerListener.log Número de versión de servidor:     9.0.41.0
10-Dec-2020 20:37:08.861 INFORMACIÓN [main] org.apache.catalina.startup.VersionLoggerListener.log OS Name:                           Linux
10-Dec-2020 20:37:08.861 INFORMACIÓN [main] org.apache.catalina.startup.VersionLoggerListener.log Versión de Systema Operativo:      4.15.0-126-generic
10-Dec-2020 20:37:08.861 INFORMACIÓN [main] org.apache.catalina.startup.VersionLoggerListener.log Arquitectura:                      amd64
10-Dec-2020 20:37:08.864 INFORMACIÓN [main] org.apache.catalina.startup.VersionLoggerListener.log Java Home:                         /usr/lib/jvm/java-11-openjdk-amd64
10-Dec-2020 20:37:08.864 INFORMACIÓN [main] org.apache.catalina.startup.VersionLoggerListener.log JVM Version:                       11.0.9.1+1-Ubuntu-0ubuntu1.18.04
10-Dec-2020 20:37:08.864 INFORMACIÓN [main] org.apache.catalina.startup.VersionLoggerListener.log Vededor JVM:                       Ubuntu
10-Dec-2020 20:37:08.864 INFORMACIÓN [main] org.apache.catalina.startup.VersionLoggerListener.log CATALINA_BASE:                     /home/usertara/Tomcat/apache-tomcat-9.0.41
10-Dec-2020 20:37:08.864 INFORMACIÓN [main] org.apache.catalina.startup.VersionLoggerListener.log CATALINA_HOME:                     /home/usertara/Tomcat/apache-tomcat-9.0.41
10-Dec-2020 20:37:08.874 INFORMACIÓN [main] org.apache.catalina.startup.VersionLoggerListener.log Command line argument:             --add-opens=java.base/java.lang=ALL-UNNAMED
10-Dec-2020 20:37:08.874 INFORMACIÓN [main] org.apache.catalina.startup.VersionLoggerListener.log Command line argument:             --add-opens=java.base/java.io=ALL-UNNAMED
10-Dec-2020 20:37:08.874 INFORMACIÓN [main] org.apache.catalina.startup.VersionLoggerListener.log Command line argument:             --add-opens=java.rmi/sun.rmi.transport=ALL-UNNAMED
10-Dec-2020 20:37:08.875 INFORMACIÓN [main] org.apache.catalina.startup.VersionLoggerListener.log Command line argument:             -Djava.util.logging.config.file=/home/usertara/Tomcat/apache-tomcat-9.0.41/conf/logging.properties
10-Dec-2020 20:37:08.875 INFORMACIÓN [main] org.apache.catalina.startup.VersionLoggerListener.log Command line argument:             -Djava.util.logging.manager=org.apache.juli.ClassLoaderLogManager
10-Dec-2020 20:37:08.875 INFORMACIÓN [main] org.apache.catalina.startup.VersionLoggerListener.log Command line argument:             -Djdk.tls.ephemeralDHKeySize=2048
10-Dec-2020 20:37:08.875 INFORMACIÓN [main] org.apache.catalina.startup.VersionLoggerListener.log Command line argument:             -Djava.protocol.handler.pkgs=org.apache.catalina.webresources
10-Dec-2020 20:37:08.875 INFORMACIÓN [main] org.apache.catalina.startup.VersionLoggerListener.log Command line argument:             -Dorg.apache.catalina.security.SecurityListener.UMASK=0027
10-Dec-2020 20:37:08.875 INFORMACIÓN [main] org.apache.catalina.startup.VersionLoggerListener.log Command line argument:             -Dignore.endorsed.dirs=
10-Dec-2020 20:37:08.875 INFORMACIÓN [main] org.apache.catalina.startup.VersionLoggerListener.log Command line argument:             -Dcatalina.base=/home/usertara/Tomcat/apache-tomcat-9.0.41
10-Dec-2020 20:37:08.875 INFORMACIÓN [main] org.apache.catalina.startup.VersionLoggerListener.log Command line argument:             -Dcatalina.home=/home/usertara/Tomcat/apache-tomcat-9.0.41
10-Dec-2020 20:37:08.875 INFORMACIÓN [main] org.apache.catalina.startup.VersionLoggerListener.log Command line argument:             -Djava.io.tmpdir=/home/usertara/Tomcat/apache-tomcat-9.0.41/temp
10-Dec-2020 20:37:08.877 INFORMACIÓN [main] org.apache.catalina.core.AprLifecycleListener.lifecycleEvent La biblioteca nativa de Apache Tomcat basada en ARP que permite un rendimiento óptimo en entornos de desarrollo no ha sido hallada en java.library.path: [/usr/java/packages/lib:/usr/lib/x86_64-linux-gnu/jni:/lib/x86_64-linux-gnu:/usr/lib/x86_64-linux-gnu:/usr/lib/jni:/lib:/usr/lib]
10-Dec-2020 20:37:09.205 INFORMACIÓN [main] org.apache.coyote.AbstractProtocol.init Inicializando el manejador de protocolo ["http-nio-8080"]

10-Dec-2020 20:37:09.234 INFORMACIÓN [main] org.apache.catalina.startup.Catalina.load Server initialization in [589] milliseconds
10-Dec-2020 20:37:09.289 INFORMACIÓN [main] org.apache.catalina.core.StandardService.startInternal Arrancando servicio [Catalina]
10-Dec-2020 20:37:09.290 INFORMACIÓN [main] org.apache.catalina.core.StandardEngine.startInternal Starting Servlet engine: [Apache Tomcat/9.0.41]
10-Dec-2020 20:37:09.295 INFORMACIÓN [main] org.apache.catalina.startup.HostConfig.deployDirectory Desplegando el directorio [/home/usertara/Tomcat/apache-tomcat-9.0.41/webapps/manager] de la aplicación web
10-Dec-2020 20:37:09.547 INFORMACIÓN [main] org.apache.catalina.startup.HostConfig.deployDirectory Deployment of web application directory [/home/usertara/Tomcat/apache-tomcat-9.0.41/webapps/manager] has finished in [250] ms
10-Dec-2020 20:37:09.547 INFORMACIÓN [main] org.apache.catalina.startup.HostConfig.deployDirectory Desplegando el directorio [/home/usertara/Tomcat/apache-tomcat-9.0.41/webapps/ROOT] de la aplicación web
10-Dec-2020 20:37:09.576 INFORMACIÓN [main] org.apache.catalina.startup.HostConfig.deployDirectory Deployment of web application directory [/home/usertara/Tomcat/apache-tomcat-9.0.41/webapps/ROOT] has finished in [29] ms
10-Dec-2020 20:37:09.577 INFORMACIÓN [main] org.apache.catalina.startup.HostConfig.deployDirectory Desplegando el directorio [/home/usertara/Tomcat/apache-tomcat-9.0.41/webapps/docs] de la aplicación web
10-Dec-2020 20:37:09.597 INFORMACIÓN [main] org.apache.catalina.startup.HostConfig.deployDirectory Deployment of web application directory [/home/usertara/Tomcat/apache-tomcat-9.0.41/webapps/docs] has finished in [19] ms
10-Dec-2020 20:37:09.597 INFORMACIÓN [main] org.apache.catalina.startup.HostConfig.deployDirectory Desplegando el directorio [/home/usertara/Tomcat/apache-tomcat-9.0.41/webapps/primer-servlet] de la aplicación web
10-Dec-2020 20:37:09.635 INFORMACIÓN [main] org.apache.catalina.startup.HostConfig.deployDirectory Deployment of web application directory [/home/usertara/Tomcat/apache-tomcat-9.0.41/webapps/primer-servlet] has finished in [38] ms
10-Dec-2020 20:37:09.635 INFORMACIÓN [main] org.apache.catalina.startup.HostConfig.deployDirectory Desplegando el directorio [/home/usertara/Tomcat/apache-tomcat-9.0.41/webapps/examples] de la aplicación web
10-Dec-2020 20:37:09.843 INFORMACIÓN [main] org.apache.catalina.startup.HostConfig.deployDirectory Deployment of web application directory [/home/usertara/Tomcat/apache-tomcat-9.0.41/webapps/examples] has finished in [208] ms
10-Dec-2020 20:37:09.844 INFORMACIÓN [main] org.apache.catalina.startup.HostConfig.deployDirectory Desplegando el directorio [/home/usertara/Tomcat/apache-tomcat-9.0.41/webapps/host-manager] de la aplicación web
10-Dec-2020 20:37:09.863 INFORMACIÓN [main] org.apache.catalina.startup.HostConfig.deployDirectory Deployment of web application directory [/home/usertara/Tomcat/apache-tomcat-9.0.41/webapps/host-manager] has finished in [18] ms
10-Dec-2020 20:37:09.868 INFORMACIÓN [main] org.apache.coyote.AbstractProtocol.start Starting ProtocolHandler ["http-nio-8080"]
10-Dec-2020 20:37:09.885 INFORMACIÓN [main] org.apache.catalina.startup.Catalina.start Server startup in [650] milliseconds
