10-Dec-2020 20:10:00.881 INFORMACIÓN [main] org.apache.catalina.core.ApplicationContext.log ContextListener: contextInitialized()
10-Dec-2020 20:10:00.882 INFORMACIÓN [main] org.apache.catalina.core.ApplicationContext.log SessionListener: contextInitialized()
10-Dec-2020 20:10:00.883 INFORMACIÓN [main] org.apache.catalina.core.ApplicationContext.log ContextListener: attributeAdded('StockTicker', 'async.Stockticker@40dd3977')
10-Dec-2020 20:36:58.470 INFORMACIÓN [Thread-3] org.apache.catalina.core.ApplicationContext.log SessionListener: contextDestroyed()
10-Dec-2020 20:36:58.470 INFORMACIÓN [Thread-3] org.apache.catalina.core.ApplicationContext.log ContextListener: contextDestroyed()
10-Dec-2020 20:37:09.837 INFORMACIÓN [main] org.apache.catalina.core.ApplicationContext.log ContextListener: contextInitialized()
10-Dec-2020 20:37:09.837 INFORMACIÓN [main] org.apache.catalina.core.ApplicationContext.log SessionListener: contextInitialized()
10-Dec-2020 20:37:09.839 INFORMACIÓN [main] org.apache.catalina.core.ApplicationContext.log ContextListener: attributeAdded('StockTicker', 'async.Stockticker@4a067c25')
10-Dec-2020 20:47:14.985 INFORMACIÓN [Thread-3] org.apache.catalina.core.ApplicationContext.log SessionListener: contextDestroyed()
10-Dec-2020 20:47:14.985 INFORMACIÓN [Thread-3] org.apache.catalina.core.ApplicationContext.log ContextListener: contextDestroyed()
10-Dec-2020 20:47:17.664 INFORMACIÓN [main] org.apache.catalina.core.ApplicationContext.log ContextListener: contextInitialized()
10-Dec-2020 20:47:17.664 INFORMACIÓN [main] org.apache.catalina.core.ApplicationContext.log SessionListener: contextInitialized()
10-Dec-2020 20:47:17.665 INFORMACIÓN [main] org.apache.catalina.core.ApplicationContext.log ContextListener: attributeAdded('StockTicker', 'async.Stockticker@2baa8d82')
10-Dec-2020 20:47:35.501 INFORMACIÓN [Thread-3] org.apache.catalina.core.ApplicationContext.log SessionListener: contextDestroyed()
10-Dec-2020 20:47:35.501 INFORMACIÓN [Thread-3] org.apache.catalina.core.ApplicationContext.log ContextListener: contextDestroyed()
10-Dec-2020 20:47:43.929 INFORMACIÓN [main] org.apache.catalina.core.ApplicationContext.log ContextListener: contextInitialized()
10-Dec-2020 20:47:43.929 INFORMACIÓN [main] org.apache.catalina.core.ApplicationContext.log SessionListener: contextInitialized()
10-Dec-2020 20:47:43.931 INFORMACIÓN [main] org.apache.catalina.core.ApplicationContext.log ContextListener: attributeAdded('StockTicker', 'async.Stockticker@a1217f9')
10-Dec-2020 20:47:45.829 INFORMACIÓN [Thread-3] org.apache.catalina.core.ApplicationContext.log SessionListener: contextDestroyed()
10-Dec-2020 20:47:45.829 INFORMACIÓN [Thread-3] org.apache.catalina.core.ApplicationContext.log ContextListener: contextDestroyed()
10-Dec-2020 20:47:54.024 INFORMACIÓN [main] org.apache.catalina.core.ApplicationContext.log ContextListener: contextInitialized()
10-Dec-2020 20:47:54.025 INFORMACIÓN [main] org.apache.catalina.core.ApplicationContext.log SessionListener: contextInitialized()
10-Dec-2020 20:47:54.030 INFORMACIÓN [main] org.apache.catalina.core.ApplicationContext.log ContextListener: attributeAdded('StockTicker', 'async.Stockticker@2b52c0d6')
10-Dec-2020 20:50:06.968 INFORMACIÓN [Thread-3] org.apache.catalina.core.ApplicationContext.log SessionListener: contextDestroyed()
10-Dec-2020 20:50:06.969 INFORMACIÓN [Thread-3] org.apache.catalina.core.ApplicationContext.log ContextListener: contextDestroyed()
10-Dec-2020 20:50:12.022 INFORMACIÓN [main] org.apache.catalina.core.ApplicationContext.log ContextListener: contextInitialized()
10-Dec-2020 20:50:12.022 INFORMACIÓN [main] org.apache.catalina.core.ApplicationContext.log SessionListener: contextInitialized()
10-Dec-2020 20:50:12.024 INFORMACIÓN [main] org.apache.catalina.core.ApplicationContext.log ContextListener: attributeAdded('StockTicker', 'async.Stockticker@a7e2d9d')
10-Dec-2020 21:04:11.761 INFORMACIÓN [Thread-3] org.apache.catalina.core.ApplicationContext.log SessionListener: contextDestroyed()
10-Dec-2020 21:04:11.761 INFORMACIÓN [Thread-3] org.apache.catalina.core.ApplicationContext.log ContextListener: contextDestroyed()
