17-Dec-2020 18:50:06.322 INFO [main] org.apache.catalina.core.ApplicationContext.log ContextListener: contextInitialized()
17-Dec-2020 18:50:06.322 INFO [main] org.apache.catalina.core.ApplicationContext.log SessionListener: contextInitialized()
17-Dec-2020 18:50:06.324 INFO [main] org.apache.catalina.core.ApplicationContext.log ContextListener: attributeAdded('StockTicker', 'async.Stockticker@10fde30a')
17-Dec-2020 18:52:35.885 INFO [Thread-3] org.apache.catalina.core.ApplicationContext.log SessionListener: contextDestroyed()
17-Dec-2020 18:52:35.886 INFO [Thread-3] org.apache.catalina.core.ApplicationContext.log ContextListener: contextDestroyed()
17-Dec-2020 18:52:48.855 INFO [main] org.apache.catalina.core.ApplicationContext.log ContextListener: contextInitialized()
17-Dec-2020 18:52:48.855 INFO [main] org.apache.catalina.core.ApplicationContext.log SessionListener: contextInitialized()
17-Dec-2020 18:52:48.856 INFO [main] org.apache.catalina.core.ApplicationContext.log ContextListener: attributeAdded('StockTicker', 'async.Stockticker@3383649e')
17-Dec-2020 18:53:01.236 INFO [Thread-3] org.apache.catalina.core.ApplicationContext.log SessionListener: contextDestroyed()
17-Dec-2020 18:53:01.237 INFO [Thread-3] org.apache.catalina.core.ApplicationContext.log ContextListener: contextDestroyed()
17-Dec-2020 18:53:05.779 INFO [main] org.apache.catalina.core.ApplicationContext.log ContextListener: contextInitialized()
17-Dec-2020 18:53:05.779 INFO [main] org.apache.catalina.core.ApplicationContext.log SessionListener: contextInitialized()
17-Dec-2020 18:53:05.787 INFO [main] org.apache.catalina.core.ApplicationContext.log ContextListener: attributeAdded('StockTicker', 'async.Stockticker@10fde30a')
17-Dec-2020 18:55:52.114 INFO [Thread-3] org.apache.catalina.core.ApplicationContext.log SessionListener: contextDestroyed()
17-Dec-2020 18:55:52.114 INFO [Thread-3] org.apache.catalina.core.ApplicationContext.log ContextListener: contextDestroyed()
17-Dec-2020 18:55:56.291 INFO [main] org.apache.catalina.core.ApplicationContext.log ContextListener: contextInitialized()
17-Dec-2020 18:55:56.292 INFO [main] org.apache.catalina.core.ApplicationContext.log SessionListener: contextInitialized()
17-Dec-2020 18:55:56.294 INFO [main] org.apache.catalina.core.ApplicationContext.log ContextListener: attributeAdded('StockTicker', 'async.Stockticker@f27ea3')
17-Dec-2020 19:33:16.033 INFO [Thread-3] org.apache.catalina.core.ApplicationContext.log SessionListener: contextDestroyed()
17-Dec-2020 19:33:16.033 INFO [Thread-3] org.apache.catalina.core.ApplicationContext.log ContextListener: contextDestroyed()
17-Dec-2020 19:33:20.431 INFO [main] org.apache.catalina.core.ApplicationContext.log ContextListener: contextInitialized()
17-Dec-2020 19:33:20.431 INFO [main] org.apache.catalina.core.ApplicationContext.log SessionListener: contextInitialized()
17-Dec-2020 19:33:20.432 INFO [main] org.apache.catalina.core.ApplicationContext.log ContextListener: attributeAdded('StockTicker', 'async.Stockticker@acb0951')
17-Dec-2020 19:33:34.498 INFO [Thread-3] org.apache.catalina.core.ApplicationContext.log SessionListener: contextDestroyed()
17-Dec-2020 19:33:34.498 INFO [Thread-3] org.apache.catalina.core.ApplicationContext.log ContextListener: contextDestroyed()
17-Dec-2020 19:33:38.691 INFO [main] org.apache.catalina.core.ApplicationContext.log ContextListener: contextInitialized()
17-Dec-2020 19:33:38.692 INFO [main] org.apache.catalina.core.ApplicationContext.log SessionListener: contextInitialized()
17-Dec-2020 19:33:38.697 INFO [main] org.apache.catalina.core.ApplicationContext.log ContextListener: attributeAdded('StockTicker', 'async.Stockticker@f27ea3')
17-Dec-2020 19:33:57.900 INFO [Thread-3] org.apache.catalina.core.ApplicationContext.log SessionListener: contextDestroyed()
17-Dec-2020 19:33:57.900 INFO [Thread-3] org.apache.catalina.core.ApplicationContext.log ContextListener: contextDestroyed()
17-Dec-2020 19:34:22.824 INFO [main] org.apache.catalina.core.ApplicationContext.log ContextListener: contextInitialized()
17-Dec-2020 19:34:22.824 INFO [main] org.apache.catalina.core.ApplicationContext.log SessionListener: contextInitialized()
17-Dec-2020 19:34:22.825 INFO [main] org.apache.catalina.core.ApplicationContext.log ContextListener: attributeAdded('StockTicker', 'async.Stockticker@10fde30a')
17-Dec-2020 19:36:15.987 INFO [Thread-3] org.apache.catalina.core.ApplicationContext.log SessionListener: contextDestroyed()
17-Dec-2020 19:36:15.989 INFO [Thread-3] org.apache.catalina.core.ApplicationContext.log ContextListener: contextDestroyed()
17-Dec-2020 19:36:21.203 INFO [main] org.apache.catalina.core.ApplicationContext.log ContextListener: contextInitialized()
17-Dec-2020 19:36:21.204 INFO [main] org.apache.catalina.core.ApplicationContext.log SessionListener: contextInitialized()
17-Dec-2020 19:36:21.206 INFO [main] org.apache.catalina.core.ApplicationContext.log ContextListener: attributeAdded('StockTicker', 'async.Stockticker@3383649e')
17-Dec-2020 19:46:42.544 INFO [Thread-3] org.apache.catalina.core.ApplicationContext.log SessionListener: contextDestroyed()
17-Dec-2020 19:46:42.544 INFO [Thread-3] org.apache.catalina.core.ApplicationContext.log ContextListener: contextDestroyed()
17-Dec-2020 19:47:18.593 INFO [main] org.apache.catalina.core.ApplicationContext.log ContextListener: contextInitialized()
17-Dec-2020 19:47:18.593 INFO [main] org.apache.catalina.core.ApplicationContext.log SessionListener: contextInitialized()
17-Dec-2020 19:47:18.594 INFO [main] org.apache.catalina.core.ApplicationContext.log ContextListener: attributeAdded('StockTicker', 'async.Stockticker@267f474e')
17-Dec-2020 19:47:23.937 SEVERE [http-nio-8080-exec-1] org.apache.catalina.core.StandardWrapperValve.invoke Servlet.service() for servlet [suma] in context with path [/primer-servlet] threw exception
	java.lang.NumberFormatException: null
		at java.base/java.lang.Integer.parseInt(Integer.java:614)
		at java.base/java.lang.Integer.parseInt(Integer.java:770)
		at ejemplo.Suma.doGet(Suma.java:22)
		at javax.servlet.http.HttpServlet.service(HttpServlet.java:626)
		at javax.servlet.http.HttpServlet.service(HttpServlet.java:733)
		at org.apache.catalina.core.ApplicationFilterChain.internalDoFilter(ApplicationFilterChain.java:231)
		at org.apache.catalina.core.ApplicationFilterChain.doFilter(ApplicationFilterChain.java:166)
		at org.apache.tomcat.websocket.server.WsFilter.doFilter(WsFilter.java:53)
		at org.apache.catalina.core.ApplicationFilterChain.internalDoFilter(ApplicationFilterChain.java:193)
		at org.apache.catalina.core.ApplicationFilterChain.doFilter(ApplicationFilterChain.java:166)
		at org.apache.catalina.core.StandardWrapperValve.invoke(StandardWrapperValve.java:202)
		at org.apache.catalina.core.StandardContextValve.invoke(StandardContextValve.java:97)
		at org.apache.catalina.authenticator.AuthenticatorBase.invoke(AuthenticatorBase.java:542)
		at org.apache.catalina.core.StandardHostValve.invoke(StandardHostValve.java:143)
		at org.apache.catalina.valves.ErrorReportValve.invoke(ErrorReportValve.java:92)
		at org.apache.catalina.valves.AbstractAccessLogValve.invoke(AbstractAccessLogValve.java:690)
		at org.apache.catalina.core.StandardEngineValve.invoke(StandardEngineValve.java:78)
		at org.apache.catalina.connector.CoyoteAdapter.service(CoyoteAdapter.java:343)
		at org.apache.coyote.http11.Http11Processor.service(Http11Processor.java:374)
		at org.apache.coyote.AbstractProcessorLight.process(AbstractProcessorLight.java:65)
		at org.apache.coyote.AbstractProtocol$ConnectionHandler.process(AbstractProtocol.java:888)
		at org.apache.tomcat.util.net.NioEndpoint$SocketProcessor.doRun(NioEndpoint.java:1597)
		at org.apache.tomcat.util.net.SocketProcessorBase.run(SocketProcessorBase.java:49)
		at java.base/java.util.concurrent.ThreadPoolExecutor.runWorker(ThreadPoolExecutor.java:1130)
		at java.base/java.util.concurrent.ThreadPoolExecutor$Worker.run(ThreadPoolExecutor.java:630)
		at org.apache.tomcat.util.threads.TaskThread$WrappingRunnable.run(TaskThread.java:61)
		at java.base/java.lang.Thread.run(Thread.java:832)
17-Dec-2020 19:47:46.394 INFO [Thread-3] org.apache.catalina.core.ApplicationContext.log SessionListener: contextDestroyed()
17-Dec-2020 19:47:46.394 INFO [Thread-3] org.apache.catalina.core.ApplicationContext.log ContextListener: contextDestroyed()
17-Dec-2020 19:47:49.344 INFO [main] org.apache.catalina.core.ApplicationContext.log ContextListener: contextInitialized()
17-Dec-2020 19:47:49.344 INFO [main] org.apache.catalina.core.ApplicationContext.log SessionListener: contextInitialized()
17-Dec-2020 19:47:49.356 INFO [main] org.apache.catalina.core.ApplicationContext.log ContextListener: attributeAdded('StockTicker', 'async.Stockticker@419a20a6')
